#
# A fatal error has been detected by the Java Runtime Environment:
#
#  EXCEPTION_ACCESS_VIOLATION (0xc0000005) at pc=0x0000000066494dcb, pid=7756, tid=0x00000000000013c8
#
# JRE version: Java(TM) SE Runtime Environment (8.0_171-b11) (build 1.8.0_171-b11)
# Java VM: Java HotSpot(TM) 64-Bit Server VM (25.171-b11 mixed mode windows-amd64 compressed oops)
# Problematic frame:
# V  [jvm.dll+0x114dcb]
#
# Failed to write core dump. Minidumps are not enabled by default on client versions of Windows
#
# If you would like to submit a bug report, please visit:
#   http://bugreport.java.com/bugreport/crash.jsp
#

---------------  T H R E A D  ---------------

Current thread (0x0000000002524000):  GCTaskThread [stack: 0x0000000012550000,0x0000000012650000] [id=5064]

siginfo: ExceptionCode=0xc0000005, reading address 0x00000007926e6760

Registers:
RAX=0x00000000129b0000, RBX=0x00000000a39d2338, RCX=0x0000000000000003, RDX=0x0000000000000001
RSP=0x000000001264f420, RBP=0x00000000a39d232c, RSI=0x00000000164de190, RDI=0x00000000164de190
R8 =0x00000007926e6758, R9 =0x000000013fc6e898, R10=0x000000000000000c, R11=0x0000000066984158
R12=0x00000000a39d2334, R13=0x000000013fc6eac0, R14=0x000000013fc6eac8, R15=0x00000000a39d2310
RIP=0x0000000066494dcb, EFLAGS=0x0000000000010202

Top of Stack: (sp=0x000000001264f420)
0x000000001264f420:   000000013fc6e898 00000000a39d23f4
0x000000001264f430:   0000000000000005 000000006659e112
0x000000001264f440:   0000000000000000 00000000000003d8
0x000000001264f450:   0000000002524d18 000000000251f1a0
0x000000001264f460:   00000000000014ca 0000000066778ee0
0x000000001264f470:   0000000016a1a690 00000000164454a0
0x000000001264f480:   00000000164de190 0000000002524940
0x000000001264f490:   0000000000000000 0000000000000c00
0x000000001264f4a0:   0000000000000000 0000000000000000
0x000000001264f4b0:   0000000000000000 000000001ae56000
0x000000001264f4c0:   0000000000000001 00002f7200001e01
0x000000001264f4d0:   0000ae5009bb16a0 0000000002524d18
0x000000001264f4e0:   0000000002524940 00000000000003d8
0x000000001264f4f0:   0000000002524940 000000000251f1a0
0x000000001264f500:   0000000002524930 00000000164454a0
0x000000001264f510:   00000000164de190 0000000066775ee3 

Instructions: (pc=0x0000000066494dcb)
0x0000000066494dab:   6f 00 84 d2 74 16 44 8b 43 08 8b 0d ed f9 68 00
0x0000000066494dbb:   49 d3 e0 4c 03 05 db f9 68 00 eb 04 4c 8b 43 08
0x0000000066494dcb:   45 8b 48 08 45 85 c9 7e 0c 41 f6 c1 01 75 4b 41
0x0000000066494ddb:   c1 f9 03 eb 57 79 43 84 d2 41 8b c9 b8 10 00 00 


Register to memory mapping:

RAX=0x00000000129b0000 is an unknown value
RBX=
[error occurred during error reporting (printing register info), id 0xc0000005]

Stack: [0x0000000012550000,0x0000000012650000],  sp=0x000000001264f420,  free space=1021k
Native frames: (J=compiled Java code, j=interpreted, Vv=VM code, C=native code)
V  [jvm.dll+0x114dcb]
V  [jvm.dll+0x3f8ee0]
V  [jvm.dll+0x3f5ee3]
V  [jvm.dll+0x3f3c9e]
V  [jvm.dll+0x29d40a]
C  [msvcr100.dll+0x21d9f]
C  [msvcr100.dll+0x21e3b]
C  [kernel32.dll+0x1652d]
C  [ntdll.dll+0x2c541]


---------------  P R O C E S S  ---------------

Java Threads: ( => current thread )
  0x000000001ae56000 JavaThread "Thread-5" [_thread_blocked, id=8512, stack(0x000000001c5f0000,0x000000001c6f0000)]
  0x000000001ae55000 JavaThread "DestroyJavaVM" [_thread_blocked, id=7280, stack(0x0000000002830000,0x0000000002930000)]
  0x000000001ae54800 JavaThread "http-nio-8080-Acceptor-0" daemon [_thread_blocked, id=5068, stack(0x0000000020010000,0x0000000020110000)]
  0x000000001ae49000 JavaThread "Live Reload Server" daemon [_thread_in_native, id=5624, stack(0x000000001c770000,0x000000001c870000)]
  0x000000001ac63000 JavaThread "Abandoned connection cleanup thread" daemon [_thread_blocked, id=6168, stack(0x000000001c270000,0x000000001c370000)]
  0x0000000018bfa000 JavaThread "RMI TCP Accept-0" daemon [_thread_in_native, id=7236, stack(0x0000000019120000,0x0000000019220000)]
  0x0000000018bf0000 JavaThread "RMI TCP Accept-16921" daemon [_thread_in_native, id=4776, stack(0x00000000193f0000,0x00000000194f0000)]
  0x0000000018ba0800 JavaThread "RMI TCP Accept-0" daemon [_thread_in_native, id=5340, stack(0x0000000019240000,0x0000000019340000)]
  0x00000000179d8800 JavaThread "Service Thread" daemon [_thread_blocked, id=7384, stack(0x0000000018360000,0x0000000018460000)]
  0x00000000165ce000 JavaThread "C1 CompilerThread2" daemon [_thread_blocked, id=6680, stack(0x0000000018130000,0x0000000018230000)]
  0x00000000165cc800 JavaThread "C2 CompilerThread1" daemon [_thread_blocked, id=7340, stack(0x0000000018230000,0x0000000018330000)]
  0x00000000165ca000 JavaThread "C2 CompilerThread0" daemon [_thread_blocked, id=7276, stack(0x00000000175b0000,0x00000000176b0000)]
  0x0000000017961800 JavaThread "Attach Listener" daemon [_thread_blocked, id=6880, stack(0x0000000017f90000,0x0000000018090000)]
  0x00000000165c4800 JavaThread "Signal Dispatcher" daemon [_thread_blocked, id=8164, stack(0x0000000017e30000,0x0000000017f30000)]
  0x00000000165b0800 JavaThread "Finalizer" daemon [_thread_blocked, id=4804, stack(0x0000000017850000,0x0000000017950000)]
  0x0000000016569800 JavaThread "Reference Handler" daemon [_thread_blocked, id=4620, stack(0x00000000176c0000,0x00000000177c0000)]

Other Threads:
  0x0000000016561800 VMThread [stack: 0x0000000017490000,0x0000000017590000] [id=5736]
  0x0000000018c03800 WatcherThread [stack: 0x0000000019630000,0x0000000019730000] [id=6736]

=>0x0000000002524000 (exited) GCTaskThread [stack: 0x0000000012550000,0x0000000012650000] [id=5064]

VM state:at safepoint (normal execution)

VM Mutex/Monitor currently owned by a thread:  ([mutex/lock_event])
[0x000000000250bd10] Threads_lock - owner thread: 0x0000000016561800
[0x000000000250c210] Heap_lock - owner thread: 0x000000001ae56000

Heap:
 PSYoungGen      total 345088K, used 6191K [0x00000000e0980000, 0x00000000fec00000, 0x0000000100000000)
  eden space 325120K, 0% used [0x00000000e0980000,0x00000000e0980000,0x00000000f4700000)
  from space 19968K, 31% used [0x00000000f4700000,0x00000000f4d0bc18,0x00000000f5a80000)
  to   space 19456K, 0% used [0x00000000fd900000,0x00000000fd900000,0x00000000fec00000)
 ParOldGen       total 93696K, used 36214K [0x00000000a1c00000, 0x00000000a7780000, 0x00000000e0980000)
  object space 93696K, 38% used [0x00000000a1c00000,0x00000000a3f5db08,0x00000000a7780000)
 Metaspace       used 60577K, capacity 63700K, committed 63832K, reserved 1103872K
  class space    used 8537K, capacity 9081K, committed 9088K, reserved 1048576K

Card table byte_map: [0x0000000011cf0000,0x0000000011ff0000] byte_map_base: 0x00000000117e2000

Marking Bits: (ParMarkBitMap*) 0x0000000066ba08c0
 Begin Bits: [0x00000000129b0000, 0x0000000014140000)
 End Bits:   [0x0000000014140000, 0x00000000158d0000)

Polling page: 0x0000000000130000

CodeCache: size=245760Kb used=10192Kb max_used=10192Kb free=235567Kb
 bounds [0x0000000002930000, 0x0000000003330000, 0x0000000011930000]
 total_blobs=5857 nmethods=5278 adapters=490
 compilation: enabled

Compilation events (10 events):
Event: 1692.031 Thread 0x00000000165ce000 nmethod 5393 0x0000000003326c50 code [0x0000000003326de0, 0x00000000033270b8]
Event: 1692.031 Thread 0x00000000165ce000 5394       1       org.springframework.boot.ansi.AnsiOutput::isEnabled (46 bytes)
Event: 1692.031 Thread 0x00000000165ce000 nmethod 5394 0x0000000003327210 code [0x0000000003327380, 0x0000000003327548]
Event: 1692.031 Thread 0x00000000165ce000 5395       1       java.util.concurrent.ConcurrentHashMap::entrySet (27 bytes)
Event: 1692.031 Thread 0x00000000165ce000 nmethod 5395 0x00000000033275d0 code [0x0000000003327720, 0x00000000033278b0]
Event: 1692.031 Thread 0x00000000165ce000 5396       1       java.util.concurrent.ConcurrentHashMap$EntrySetView::iterator (34 bytes)
Event: 1692.031 Thread 0x00000000165ce000 nmethod 5396 0x0000000003327950 code [0x0000000003327ac0, 0x0000000003327cf8]
Event: 1692.253 Thread 0x00000000165ce000 5397       1       javax.management.ObjectName::isPattern (27 bytes)
Event: 1692.253 Thread 0x00000000165ce000 nmethod 5397 0x0000000003327e90 code [0x0000000003327fe0, 0x0000000003328130]
Event: 1692.259 Thread 0x00000000165ce000 5398  s    1       org.apache.catalina.util.LifecycleBase::setStateInternal (144 bytes)

GC Heap History (10 events):
Event: 4.511 GC heap after
Heap after GC invocations=12 (full 2):
 PSYoungGen      total 254976K, used 0K [0x00000000e0980000, 0x00000000f1a80000, 0x0000000100000000)
  eden space 239104K, 0% used [0x00000000e0980000,0x00000000e0980000,0x00000000ef300000)
  from space 15872K, 0% used [0x00000000f0200000,0x00000000f0200000,0x00000000f1180000)
  to   space 15360K, 0% used [0x00000000ef300000,0x00000000ef300000,0x00000000f0200000)
 ParOldGen       total 70144K, used 23870K [0x00000000a1c00000, 0x00000000a6080000, 0x00000000e0980000)
  object space 70144K, 34% used [0x00000000a1c00000,0x00000000a334f8a8,0x00000000a6080000)
 Metaspace       used 33666K, capacity 35326K, committed 35456K, reserved 1079296K
  class space    used 4514K, capacity 4875K, committed 4992K, reserved 1048576K
}
Event: 6.998 GC heap before
{Heap before GC invocations=13 (full 2):
 PSYoungGen      total 254976K, used 239104K [0x00000000e0980000, 0x00000000f1a80000, 0x0000000100000000)
  eden space 239104K, 100% used [0x00000000e0980000,0x00000000ef300000,0x00000000ef300000)
  from space 15872K, 0% used [0x00000000f0200000,0x00000000f0200000,0x00000000f1180000)
  to   space 15360K, 0% used [0x00000000ef300000,0x00000000ef300000,0x00000000f0200000)
 ParOldGen       total 70144K, used 23870K [0x00000000a1c00000, 0x00000000a6080000, 0x00000000e0980000)
  object space 70144K, 34% used [0x00000000a1c00000,0x00000000a334f8a8,0x00000000a6080000)
 Metaspace       used 51250K, capacity 53846K, committed 54144K, reserved 1095680K
  class space    used 7285K, capacity 7751K, committed 7808K, reserved 1048576K
Event: 7.031 GC heap after
Heap after GC invocations=13 (full 2):
 PSYoungGen      total 254464K, used 15348K [0x00000000e0980000, 0x00000000f7880000, 0x0000000100000000)
  eden space 239104K, 0% used [0x00000000e0980000,0x00000000e0980000,0x00000000ef300000)
  from space 15360K, 99% used [0x00000000ef300000,0x00000000f01fd088,0x00000000f0200000)
  to   space 20992K, 0% used [0x00000000f6400000,0x00000000f6400000,0x00000000f7880000)
 ParOldGen       total 70144K, used 33367K [0x00000000a1c00000, 0x00000000a6080000, 0x00000000e0980000)
  object space 70144K, 47% used [0x00000000a1c00000,0x00000000a3c95e18,0x00000000a6080000)
 Metaspace       used 51250K, capacity 53846K, committed 54144K, reserved 1095680K
  class space    used 7285K, capacity 7751K, committed 7808K, reserved 1048576K
}
Event: 72.749 GC heap before
{Heap before GC invocations=14 (full 2):
 PSYoungGen      total 254464K, used 203684K [0x00000000e0980000, 0x00000000f7880000, 0x0000000100000000)
  eden space 239104K, 78% used [0x00000000e0980000,0x00000000ec16c108,0x00000000ef300000)
  from space 15360K, 99% used [0x00000000ef300000,0x00000000f01fd088,0x00000000f0200000)
  to   space 20992K, 0% used [0x00000000f6400000,0x00000000f6400000,0x00000000f7880000)
 ParOldGen       total 70144K, used 33367K [0x00000000a1c00000, 0x00000000a6080000, 0x00000000e0980000)
  object space 70144K, 47% used [0x00000000a1c00000,0x00000000a3c95e18,0x00000000a6080000)
 Metaspace       used 55856K, capacity 58858K, committed 59096K, reserved 1099776K
  class space    used 7949K, capacity 8445K, committed 8448K, reserved 1048576K
Event: 72.781 GC heap after
Heap after GC invocations=14 (full 2):
 PSYoungGen      total 334336K, used 10050K [0x00000000e0980000, 0x00000000f6e00000, 0x0000000100000000)
  eden space 324096K, 0% used [0x00000000e0980000,0x00000000e0980000,0x00000000f4600000)
  from space 10240K, 98% used [0x00000000f6400000,0x00000000f6dd0a70,0x00000000f6e00000)
  to   space 19968K, 0% used [0x00000000f4700000,0x00000000f4700000,0x00000000f5a80000)
 ParOldGen       total 70144K, used 42691K [0x00000000a1c00000, 0x00000000a6080000, 0x00000000e0980000)
  object space 70144K, 60% used [0x00000000a1c00000,0x00000000a45b0fc8,0x00000000a6080000)
 Metaspace       used 55856K, capacity 58858K, committed 59096K, reserved 1099776K
  class space    used 7949K, capacity 8445K, committed 8448K, reserved 1048576K
}
Event: 72.781 GC heap before
{Heap before GC invocations=15 (full 3):
 PSYoungGen      total 334336K, used 10050K [0x00000000e0980000, 0x00000000f6e00000, 0x0000000100000000)
  eden space 324096K, 0% used [0x00000000e0980000,0x00000000e0980000,0x00000000f4600000)
  from space 10240K, 98% used [0x00000000f6400000,0x00000000f6dd0a70,0x00000000f6e00000)
  to   space 19968K, 0% used [0x00000000f4700000,0x00000000f4700000,0x00000000f5a80000)
 ParOldGen       total 70144K, used 42691K [0x00000000a1c00000, 0x00000000a6080000, 0x00000000e0980000)
  object space 70144K, 60% used [0x00000000a1c00000,0x00000000a45b0fc8,0x00000000a6080000)
 Metaspace       used 55856K, capacity 58858K, committed 59096K, reserved 1099776K
  class space    used 7949K, capacity 8445K, committed 8448K, reserved 1048576K
Event: 73.003 GC heap after
Heap after GC invocations=15 (full 3):
 PSYoungGen      total 334336K, used 0K [0x00000000e0980000, 0x00000000f6e00000, 0x0000000100000000)
  eden space 324096K, 0% used [0x00000000e0980000,0x00000000e0980000,0x00000000f4600000)
  from space 10240K, 0% used [0x00000000f6400000,0x00000000f6400000,0x00000000f6e00000)
  to   space 19968K, 0% used [0x00000000f4700000,0x00000000f4700000,0x00000000f5a80000)
 ParOldGen       total 93696K, used 36206K [0x00000000a1c00000, 0x00000000a7780000, 0x00000000e0980000)
  object space 93696K, 38% used [0x00000000a1c00000,0x00000000a3f5bb08,0x00000000a7780000)
 Metaspace       used 55853K, capacity 58852K, committed 59096K, reserved 1099776K
  class space    used 7948K, capacity 8444K, committed 8448K, reserved 1048576K
}
Event: 1692.260 GC heap before
{Heap before GC invocations=16 (full 3):
 PSYoungGen      total 334336K, used 112295K [0x00000000e0980000, 0x00000000f6e00000, 0x0000000100000000)
  eden space 324096K, 34% used [0x00000000e0980000,0x00000000e7729d18,0x00000000f4600000)
  from space 10240K, 0% used [0x00000000f6400000,0x00000000f6400000,0x00000000f6e00000)
  to   space 19968K, 0% used [0x00000000f4700000,0x00000000f4700000,0x00000000f5a80000)
 ParOldGen       total 93696K, used 36206K [0x00000000a1c00000, 0x00000000a7780000, 0x00000000e0980000)
  object space 93696K, 38% used [0x00000000a1c00000,0x00000000a3f5bb08,0x00000000a7780000)
 Metaspace       used 60577K, capacity 63700K, committed 63832K, reserved 1103872K
  class space    used 8537K, capacity 9081K, committed 9088K, reserved 1048576K
Event: 1692.269 GC heap after
Heap after GC invocations=16 (full 3):
 PSYoungGen      total 345088K, used 6191K [0x00000000e0980000, 0x00000000fec00000, 0x0000000100000000)
  eden space 325120K, 0% used [0x00000000e0980000,0x00000000e0980000,0x00000000f4700000)
  from space 19968K, 31% used [0x00000000f4700000,0x00000000f4d0bc18,0x00000000f5a80000)
  to   space 19456K, 0% used [0x00000000fd900000,0x00000000fd900000,0x00000000fec00000)
 ParOldGen       total 93696K, used 36214K [0x00000000a1c00000, 0x00000000a7780000, 0x00000000e0980000)
  object space 93696K, 38% used [0x00000000a1c00000,0x00000000a3f5db08,0x00000000a7780000)
 Metaspace       used 60577K, capacity 63700K, committed 63832K, reserved 1103872K
  class space    used 8537K, capacity 9081K, committed 9088K, reserved 1048576K
}
Event: 1692.269 GC heap before
{Heap before GC invocations=17 (full 4):
 PSYoungGen      total 345088K, used 6191K [0x00000000e0980000, 0x00000000fec00000, 0x0000000100000000)
  eden space 325120K, 0% used [0x00000000e0980000,0x00000000e0980000,0x00000000f4700000)
  from space 19968K, 31% used [0x00000000f4700000,0x00000000f4d0bc18,0x00000000f5a80000)
  to   space 19456K, 0% used [0x00000000fd900000,0x00000000fd900000,0x00000000fec00000)
 ParOldGen       total 93696K, used 36214K [0x00000000a1c00000, 0x00000000a7780000, 0x00000000e0980000)
  object space 93696K, 38% used [0x00000000a1c00000,0x00000000a3f5db08,0x00000000a7780000)
 Metaspace       used 60577K, capacity 63700K, committed 63832K, reserved 1103872K
  class space    used 8537K, capacity 9081K, committed 9088K, reserved 1048576K

Deoptimization events (0 events):
No events

Classes redefined (0 events):
No events

Internal exceptions (10 events):
Event: 73.825 Thread 0x000000001ae4b000 Exception <a 'java/lang/ArrayIndexOutOfBoundsException'> (0x00000000e1f49e28) thrown at [C:\re\workspace\8-2-build-windows-amd64-cygwin\jdk8u171\10807\hotspot\src\share\vm\runtime\sharedRuntime.cpp, line 605]
Event: 602.119 Thread 0x000000001ae4d000 Exception <a 'java/lang/ArrayIndexOutOfBoundsException'> (0x00000000e4267ef0) thrown at [C:\re\workspace\8-2-build-windows-amd64-cygwin\jdk8u171\10807\hotspot\src\share\vm\runtime\sharedRuntime.cpp, line 605]
Event: 602.121 Thread 0x000000001ae4d000 Exception <a 'java/lang/ArrayIndexOutOfBoundsException'> (0x00000000e4284850) thrown at [C:\re\workspace\8-2-build-windows-amd64-cygwin\jdk8u171\10807\hotspot\src\share\vm\runtime\sharedRuntime.cpp, line 605]
Event: 602.126 Thread 0x000000001ae4d000 Exception <a 'java/lang/ArrayIndexOutOfBoundsException'> (0x00000000e42b7990) thrown at [C:\re\workspace\8-2-build-windows-amd64-cygwin\jdk8u171\10807\hotspot\src\share\vm\runtime\sharedRuntime.cpp, line 605]
Event: 602.442 Thread 0x000000001ae4d000 Exception <a 'java/lang/ArrayIndexOutOfBoundsException'> (0x00000000e44bb870) thrown at [C:\re\workspace\8-2-build-windows-amd64-cygwin\jdk8u171\10807\hotspot\src\share\vm\runtime\sharedRuntime.cpp, line 605]
Event: 612.751 Thread 0x000000001ae4e800 Exception <a 'java/lang/ArrayIndexOutOfBoundsException'> (0x00000000e59280d8) thrown at [C:\re\workspace\8-2-build-windows-amd64-cygwin\jdk8u171\10807\hotspot\src\share\vm\runtime\sharedRuntime.cpp, line 605]
Event: 612.752 Thread 0x000000001ae4e800 Exception <a 'java/lang/ArrayIndexOutOfBoundsException'> (0x00000000e593f078) thrown at [C:\re\workspace\8-2-build-windows-amd64-cygwin\jdk8u171\10807\hotspot\src\share\vm\runtime\sharedRuntime.cpp, line 605]
Event: 612.753 Thread 0x000000001ae4e800 Exception <a 'java/lang/ArrayIndexOutOfBoundsException'> (0x00000000e5943988) thrown at [C:\re\workspace\8-2-build-windows-amd64-cygwin\jdk8u171\10807\hotspot\src\share\vm\runtime\sharedRuntime.cpp, line 605]
Event: 616.541 Thread 0x000000001ae50000 Exception <a 'java/lang/ArrayIndexOutOfBoundsException': -1> (0x00000000e5aee300) thrown at [C:\re\workspace\8-2-build-windows-amd64-cygwin\jdk8u171\10807\hotspot\src\share\vm\interpreter\interpreterRuntime.cpp, line 366]
Event: 1692.259 Thread 0x000000001ac61000 Exception <a 'java/lang/InterruptedException': sleep interrupted> (0x00000000e73ff988) thrown at [C:\re\workspace\8-2-build-windows-amd64-cygwin\jdk8u171\10807\hotspot\src\share\vm\prims\jvm.cpp, line 3273]

Events (10 events):
Event: 1692.259 Thread 0x000000001ae4a800 Thread exited: 0x000000001ae4a800
Event: 1692.259 Executing VM operation: RevokeBias
Event: 1692.259 Executing VM operation: RevokeBias done
Event: 1692.259 Executing VM operation: RevokeBias
Event: 1692.259 Executing VM operation: RevokeBias done
Event: 1692.259 Executing VM operation: RevokeBias
Event: 1692.259 Executing VM operation: RevokeBias done
Event: 1692.259 Thread 0x000000001ac61000 Thread exited: 0x000000001ac61000
Event: 1692.260 Thread 0x000000001ac60800 Thread exited: 0x000000001ac60800
Event: 1692.260 Executing VM operation: ParallelGCSystemGC


Dynamic libraries:
0x000000013fc00000 - 0x000000013fc37000 	C:\Program Files\Java\jdk1.8.0_171\bin\javaw.exe
0x0000000077460000 - 0x0000000077609000 	C:\Windows\SYSTEM32\ntdll.dll
0x000007fee4020000 - 0x000007fee4032000 	C:\Program Files\AVAST Software\Avast\aswhook.dll
0x0000000077240000 - 0x000000007735f000 	C:\Windows\system32\kernel32.dll
0x000007fefd520000 - 0x000007fefd58b000 	C:\Windows\system32\KERNELBASE.dll
0x000007fefee70000 - 0x000007fefef4b000 	C:\Windows\system32\ADVAPI32.dll
0x000007fefd860000 - 0x000007fefd8ff000 	C:\Windows\system32\msvcrt.dll
0x000007feff750000 - 0x000007feff76f000 	C:\Windows\SYSTEM32\sechost.dll
0x000007feff620000 - 0x000007feff74d000 	C:\Windows\system32\RPCRT4.dll
0x0000000077360000 - 0x000000007745a000 	C:\Windows\system32\USER32.dll
0x000007fefdc30000 - 0x000007fefdc97000 	C:\Windows\system32\GDI32.dll
0x000007feff280000 - 0x000007feff28e000 	C:\Windows\system32\LPK.dll
0x000007fefdb60000 - 0x000007fefdc29000 	C:\Windows\system32\USP10.dll
0x000007fefbaf0000 - 0x000007fefbce4000 	C:\Windows\WinSxS\amd64_microsoft.windows.common-controls_6595b64144ccf1df_6.0.7601.17514_none_fa396087175ac9ac\COMCTL32.dll
0x000007fefe060000 - 0x000007fefe0d1000 	C:\Windows\system32\SHLWAPI.dll
0x000007fefddb0000 - 0x000007fefddde000 	C:\Windows\system32\IMM32.DLL
0x000007fefdca0000 - 0x000007fefdda9000 	C:\Windows\system32\MSCTF.dll
0x000007fefd150000 - 0x000007fefd180000 	C:\Windows\system32\nvinitx.dll
0x000007fefd140000 - 0x000007fefd14c000 	C:\Windows\system32\VERSION.dll
0x0000000074e50000 - 0x0000000074e56000 	C:\Program Files\NVIDIA Corporation\CoProcManager\detoured.dll
0x000007fefb220000 - 0x000007fefb258000 	C:\Program Files\NVIDIA Corporation\CoProcManager\nvd3d9wrapx.dll
0x000007fefde80000 - 0x000007fefe057000 	C:\Windows\system32\SETUPAPI.dll
0x000007fefd240000 - 0x000007fefd276000 	C:\Windows\system32\CFGMGR32.dll
0x000007feff540000 - 0x000007feff617000 	C:\Windows\system32\OLEAUT32.dll
0x000007feff330000 - 0x000007feff533000 	C:\Windows\system32\ole32.dll
0x000007fefd330000 - 0x000007fefd34a000 	C:\Windows\system32\DEVOBJ.dll
0x000007fefb1c0000 - 0x000007fefb1e4000 	C:\Program Files\NVIDIA Corporation\CoProcManager\nvdxgiwrapx.dll
0x0000000072c10000 - 0x0000000072ce2000 	C:\Program Files\Java\jdk1.8.0_171\jre\bin\msvcr100.dll
0x0000000066380000 - 0x0000000066c20000 	C:\Program Files\Java\jdk1.8.0_171\jre\bin\server\jvm.dll
0x000007fef8a20000 - 0x000007fef8a29000 	C:\Windows\system32\WSOCK32.dll
0x000007fefef60000 - 0x000007fefefad000 	C:\Windows\system32\WS2_32.dll
0x000007fefef50000 - 0x000007fefef58000 	C:\Windows\system32\NSI.dll
0x000007fefa420000 - 0x000007fefa45b000 	C:\Windows\system32\WINMM.dll
0x0000000077620000 - 0x0000000077627000 	C:\Windows\system32\PSAPI.DLL
0x0000000072dc0000 - 0x0000000072dcf000 	C:\Program Files\Java\jdk1.8.0_171\jre\bin\verify.dll
0x0000000072d90000 - 0x0000000072db9000 	C:\Program Files\Java\jdk1.8.0_171\jre\bin\java.dll
0x0000000072d70000 - 0x0000000072d86000 	C:\Program Files\Java\jdk1.8.0_171\jre\bin\zip.dll
0x000007fefe0e0000 - 0x000007fefee68000 	C:\Windows\system32\SHELL32.dll
0x000007fefd220000 - 0x000007fefd22f000 	C:\Windows\system32\profapi.dll
0x0000000072d60000 - 0x0000000072d6d000 	C:\Program Files\Java\jdk1.8.0_171\jre\bin\management.dll
0x0000000072d40000 - 0x0000000072d5a000 	C:\Program Files\Java\jdk1.8.0_171\jre\bin\net.dll
0x000007fefc970000 - 0x000007fefc9c5000 	C:\Windows\system32\mswsock.dll
0x000007fefc960000 - 0x000007fefc967000 	C:\Windows\System32\wship6.dll
0x0000000072d20000 - 0x0000000072d31000 	C:\Program Files\Java\jdk1.8.0_171\jre\bin\nio.dll
0x000007fefad10000 - 0x000007fefad25000 	C:\Windows\system32\NLAapi.dll
0x000007fef2550000 - 0x000007fef2565000 	C:\Windows\system32\napinsp.dll
0x000007fef2530000 - 0x000007fef2549000 	C:\Windows\system32\pnrpnsp.dll
0x000007fefc7f0000 - 0x000007fefc84b000 	C:\Windows\system32\DNSAPI.dll
0x000007fef2520000 - 0x000007fef252b000 	C:\Windows\System32\winrnr.dll
0x000007fef2510000 - 0x000007fef2520000 	C:\Windows\system32\wshbth.dll
0x000007fefc240000 - 0x000007fefc247000 	C:\Windows\System32\wshtcpip.dll
0x000007fef9c90000 - 0x000007fef9cb7000 	C:\Windows\system32\IPHLPAPI.DLL
0x000007fef9c80000 - 0x000007fef9c8b000 	C:\Windows\system32\WINNSI.DLL
0x000007fef16b0000 - 0x000007fef16b8000 	C:\Windows\system32\rasadhlp.dll
0x000007fef9af0000 - 0x000007fef9b43000 	C:\Windows\System32\fwpuclnt.dll
0x000007fefc9d0000 - 0x000007fefc9e7000 	C:\Windows\system32\CRYPTSP.dll
0x000007fefc6d0000 - 0x000007fefc717000 	C:\Windows\system32\rsaenh.dll
0x000007fefd590000 - 0x000007fefd5ae000 	C:\Windows\system32\USERENV.dll
0x000007fefd070000 - 0x000007fefd07f000 	C:\Windows\system32\CRYPTBASE.dll
0x000007fef9a70000 - 0x000007fef9a88000 	C:\Windows\system32\dhcpcsvc.DLL
0x000007fef9a50000 - 0x000007fef9a61000 	C:\Windows\system32\dhcpcsvc6.DLL
0x0000000072cf0000 - 0x0000000072d14000 	C:\Program Files\Java\jdk1.8.0_171\jre\bin\sunec.dll
0x000007fef7020000 - 0x000007fef7145000 	C:\Windows\system32\dbghelp.dll

VM Arguments:
jvm_args: -Dcom.sun.management.jmxremote -Dcom.sun.management.jmxremote.port=16921 -Dcom.sun.management.jmxremote.authenticate=false -Dcom.sun.management.jmxremote.ssl=false -Djava.rmi.server.hostname=localhost -Dspring.liveBeansView.mbeanDomain -Dspring.application.admin.enabled=true -Xverify:none -XX:TieredStopAtLevel=1 -Dfile.encoding=UTF-8 
java_command: com.oussama.SecuriteyJwtSpringApplication
java_class_path (initial): C:\Program Files\Java\jdk1.8.0_171\jre\lib\resources.jar;C:\Program Files\Java\jdk1.8.0_171\jre\lib\rt.jar;C:\Program Files\Java\jdk1.8.0_171\jre\lib\jsse.jar;C:\Program Files\Java\jdk1.8.0_171\jre\lib\jce.jar;C:\Program Files\Java\jdk1.8.0_171\jre\lib\charsets.jar;C:\Program Files\Java\jdk1.8.0_171\jre\lib\jfr.jar;C:\Program Files\Java\jdk1.8.0_171\jre\lib\ext\access-bridge-64.jar;C:\Program Files\Java\jdk1.8.0_171\jre\lib\ext\cldrdata.jar;C:\Program Files\Java\jdk1.8.0_171\jre\lib\ext\dnsns.jar;C:\Program Files\Java\jdk1.8.0_171\jre\lib\ext\jaccess.jar;C:\Program Files\Java\jdk1.8.0_171\jre\lib\ext\jfxrt.jar;C:\Program Files\Java\jdk1.8.0_171\jre\lib\ext\localedata.jar;C:\Program Files\Java\jdk1.8.0_171\jre\lib\ext\nashorn.jar;C:\Program Files\Java\jdk1.8.0_171\jre\lib\ext\sunec.jar;C:\Program Files\Java\jdk1.8.0_171\jre\lib\ext\sunjce_provider.jar;C:\Program Files\Java\jdk1.8.0_171\jre\lib\ext\sunmscapi.jar;C:\Program Files\Java\jdk1.8.0_171\jre\lib\ext\sunpkcs11.jar;C:\Program Files\Java\jdk1.8.0_171\jre\lib\ext\zipfs.jar;D:\Angular\Cote server\Work_Space\SECURITEY-JWT-Spring\target\classes;C:\Users\Oussama\.m2\repository\org\springframework\boot\spring-boot-starter-data-jpa\2.1.2.RELEASE\spring-boot-starter-data-jpa-2.1.2.RELEASE.jar;C:\Users\Oussama\.m2\repository\org\springframework\boot\spring-boot-starter-aop\2.1.2.RELEASE\spring-boot-starter-aop-2.1.2.RELEASE.jar;C:\Users\Oussama\.m2\repository\org\aspectj\aspectjweaver\1.9.2\aspectjweaver-1.9.2.jar;C:\Users\Oussama\.m2\repository\javax\transaction\javax.transaction-api\1.3\javax.transaction-api-1.3.jar;C:\Users\Oussama\.m2\repository\javax\xml\bind\jaxb-api\2.3.1\jaxb-api-2.3.1.jar;C:\Users\Oussama\.m2\repository\javax\activation\javax.activation-api\1.2.0\javax.activation-api-1.2.0.jar;C:\Users\Oussama\.m2\repository\org\hibernate\hibernate-core\5.3.7.Final\hibernate-core-5.3.7.Final.jar;C:\Users\Oussama\.m2\repository\org\jboss\logging\jboss-logging\3.3.2.Final\jboss-logging
Launcher Type: SUN_STANDARD

Environment Variables:
JAVA_HOME=C:\Program Files\Java\jdk1.8.0_171;C:\Program Files\Java\jre1.8.0_191
PATH=C:/Program Files/Java/jre1.8.0_191/bin/server;C:/Program Files/Java/jre1.8.0_191/bin;C:/Program Files/Java/jre1.8.0_191/lib/amd64;%JAVA_HOME%\bin;C:\Program Files (x86)\Common Files\Oracle\Java\javapath;C:\Program Files (x86)\Common Files\Business Objects\3.0\bin\NOTES\;C:\Program Files (x86)\Common Files\Business Objects\3.0\bin\NOTES\DATA\;C:\ProgramData\Oracle\Java\javapath;C:\Program Files (x86)\Intel\iCLS Client\;C:\Program Files\Intel\iCLS Client\;C:\Windows\system32;C:\Windows;C:\Windows\System32\Wbem;C:\Windows\System32\WindowsPowerShell\v1.0\;C:\Program Files (x86)\Microsoft SQL Server\100\Tools\Binn\;C:\Program Files\Microsoft SQL Server\100\Tools\Binn\;C:\Program Files\Microsoft SQL Server\100\DTS\Binn\;C:\Program Files (x86)\Microsoft SQL Server\100\Tools\Binn\VSShell\Common7\IDE\;C:\Program Files (x86)\Microsoft SQL Server\100\DTS\Binn\;C:\Program Files (x86)\Microsoft Visual Studio 9.0\Common7\IDE\PrivateAssemblies\;C:\Program Files\Microsoft SQL Server\120\Tools\Binn\;C:\Program Files (x86)\NVIDIA Corporation\PhysX\Common;C:\Program Files\Intel\Intel(R) Management Engine Components\DAL;C:\Program Files (x86)\Intel\Intel(R) Management Engine Components\DAL;C:\Program Files\Intel\Intel(R) Management Engine Components\IPT;C:\Program Files (x86)\Intel\Intel(R) Management Engine Components\IPT;C:\Program Files (x86)\GtkSharp\2.12\bin;C:\Program Files\Microsoft SQL Server\130\Tools\Binn\;C:\Program Files (x86)\Microsoft SQL Server\90\Tools\binn\;C:\Program Files\Git\cmd;C:\Program Files (x86)\nodejs\;C:\Users\Oussama\AppData\Local\Programs\Microsoft VS Code\bin;C:\Users\Oussama\AppData\Roaming\npm;D:\Angular\Cote server\eclipse;
USERNAME=Oussama
OS=Windows_NT
PROCESSOR_IDENTIFIER=Intel64 Family 6 Model 69 Stepping 1, GenuineIntel



---------------  S Y S T E M  ---------------

OS: Windows 7 , 64 bit Build 7601 (6.1.7601.18015)

CPU:total 4 (initial active 4) (2 cores per cpu, 2 threads per core) family 6 model 69 stepping 1, cmov, cx8, fxsr, mmx, sse, sse2, sse3, ssse3, sse4.1, sse4.2, popcnt, avx, avx2, aes, clmul, erms, lzcnt, ht, tsc, tscinvbit, bmi1, bmi2

Memory: 4k page, physical 6171644k(983808k free), swap 12341424k(5163240k free)

vm_info: Java HotSpot(TM) 64-Bit Server VM (25.171-b11) for windows-amd64 JRE (1.8.0_171-b11), built on Mar 28 2018 16:06:12 by "java_re" with MS VC++ 10.0 (VS2010)

time: Thu Jan 17 13:05:39 2019
elapsed time: 1692 seconds (0d 0h 28m 12s)

